<?xml version="1.0" encoding="UTF-8"?>
<!-- Generated by org.testng.reporters.JUnitReportReporter -->
<testsuite skipped="0" hostname="DESKTOP-G716EM5" name="smokeTests.ATagsTest" tests="1" failures="0" timestamp="21 Aug 2019 23:03:17 GMT" time="7.298" errors="0">
  <testcase name="ATagsPresent" time="7.298" classname="smokeTests.ATagsTest"/>
</testsuite> <!-- smokeTests.ATagsTest -->
